[2023-12-06 09:38:02] local.ERROR: The "--columns" option does not exist. {"exception":"[object] (Symfony\\Component\\Console\\Exception\\RuntimeException(code: 0): The \"--columns\" option does not exist. at D:\\wamp64\\www\\ashokleyland\\non_elitesupport\\vendor\\symfony\\console\\Input\\ArgvInput.php:217)
[stacktrace]
#0 D:\\wamp64\\www\\ashokleyland\\non_elitesupport\\vendor\\symfony\\console\\Input\\ArgvInput.php(144): Symfony\\Component\\Console\\Input\\ArgvInput->addLongOption('columns', 'uri,name,action...')
#1 D:\\wamp64\\www\\ashokleyland\\non_elitesupport\\vendor\\symfony\\console\\Input\\ArgvInput.php(79): Symfony\\Component\\Console\\Input\\ArgvInput->parseLongOption('--columns=uri,n...')
#2 D:\\wamp64\\www\\ashokleyland\\non_elitesupport\\vendor\\symfony\\console\\Input\\ArgvInput.php(68): Symfony\\Component\\Console\\Input\\ArgvInput->parseToken('--columns=uri,n...', true)
#3 D:\\wamp64\\www\\ashokleyland\\non_elitesupport\\vendor\\symfony\\console\\Input\\Input.php(52): Symfony\\Component\\Console\\Input\\ArgvInput->parse()
#4 D:\\wamp64\\www\\ashokleyland\\non_elitesupport\\vendor\\symfony\\console\\Command\\Command.php(271): Symfony\\Component\\Console\\Input\\Input->bind(Object(Symfony\\Component\\Console\\Input\\InputDefinition))
#5 D:\\wamp64\\www\\ashokleyland\\non_elitesupport\\vendor\\laravel\\framework\\src\\Illuminate\\Console\\Command.php(164): Symfony\\Component\\Console\\Command\\Command->run(Object(Symfony\\Component\\Console\\Input\\ArgvInput), Object(Illuminate\\Console\\OutputStyle))
#6 D:\\wamp64\\www\\ashokleyland\\non_elitesupport\\vendor\\symfony\\console\\Application.php(1022): Illuminate\\Console\\Command->run(Object(Symfony\\Component\\Console\\Input\\ArgvInput), Object(Symfony\\Component\\Console\\Output\\ConsoleOutput))
#7 D:\\wamp64\\www\\ashokleyland\\non_elitesupport\\vendor\\symfony\\console\\Application.php(314): Symfony\\Component\\Console\\Application->doRunCommand(Object(Illuminate\\Foundation\\Console\\RouteListCommand), Object(Symfony\\Component\\Console\\Input\\ArgvInput), Object(Symfony\\Component\\Console\\Output\\ConsoleOutput))
#8 D:\\wamp64\\www\\ashokleyland\\non_elitesupport\\vendor\\symfony\\console\\Application.php(168): Symfony\\Component\\Console\\Application->doRun(Object(Symfony\\Component\\Console\\Input\\ArgvInput), Object(Symfony\\Component\\Console\\Output\\ConsoleOutput))
#9 D:\\wamp64\\www\\ashokleyland\\non_elitesupport\\vendor\\laravel\\framework\\src\\Illuminate\\Console\\Application.php(102): Symfony\\Component\\Console\\Application->run(Object(Symfony\\Component\\Console\\Input\\ArgvInput), Object(Symfony\\Component\\Console\\Output\\ConsoleOutput))
#10 D:\\wamp64\\www\\ashokleyland\\non_elitesupport\\vendor\\laravel\\framework\\src\\Illuminate\\Foundation\\Console\\Kernel.php(155): Illuminate\\Console\\Application->run(Object(Symfony\\Component\\Console\\Input\\ArgvInput), Object(Symfony\\Component\\Console\\Output\\ConsoleOutput))
#11 D:\\wamp64\\www\\ashokleyland\\non_elitesupport\\artisan(37): Illuminate\\Foundation\\Console\\Kernel->handle(Object(Symfony\\Component\\Console\\Input\\ArgvInput), Object(Symfony\\Component\\Console\\Output\\ConsoleOutput))
#12 {main}
"} 
[2023-12-06 09:38:06] local.ERROR: The "--columns" option does not exist. {"exception":"[object] (Symfony\\Component\\Console\\Exception\\RuntimeException(code: 0): The \"--columns\" option does not exist. at D:\\wamp64\\www\\ashokleyland\\non_elitesupport\\vendor\\symfony\\console\\Input\\ArgvInput.php:217)
[stacktrace]
#0 D:\\wamp64\\www\\ashokleyland\\non_elitesupport\\vendor\\symfony\\console\\Input\\ArgvInput.php(144): Symfony\\Component\\Console\\Input\\ArgvInput->addLongOption('columns', 'uri,name,action...')
#1 D:\\wamp64\\www\\ashokleyland\\non_elitesupport\\vendor\\symfony\\console\\Input\\ArgvInput.php(79): Symfony\\Component\\Console\\Input\\ArgvInput->parseLongOption('--columns=uri,n...')
#2 D:\\wamp64\\www\\ashokleyland\\non_elitesupport\\vendor\\symfony\\console\\Input\\ArgvInput.php(68): Symfony\\Component\\Console\\Input\\ArgvInput->parseToken('--columns=uri,n...', true)
#3 D:\\wamp64\\www\\ashokleyland\\non_elitesupport\\vendor\\symfony\\console\\Input\\Input.php(52): Symfony\\Component\\Console\\Input\\ArgvInput->parse()
#4 D:\\wamp64\\www\\ashokleyland\\non_elitesupport\\vendor\\symfony\\console\\Command\\Command.php(271): Symfony\\Component\\Console\\Input\\Input->bind(Object(Symfony\\Component\\Console\\Input\\InputDefinition))
#5 D:\\wamp64\\www\\ashokleyland\\non_elitesupport\\vendor\\laravel\\framework\\src\\Illuminate\\Console\\Command.php(164): Symfony\\Component\\Console\\Command\\Command->run(Object(Symfony\\Component\\Console\\Input\\ArgvInput), Object(Illuminate\\Console\\OutputStyle))
#6 D:\\wamp64\\www\\ashokleyland\\non_elitesupport\\vendor\\symfony\\console\\Application.php(1022): Illuminate\\Console\\Command->run(Object(Symfony\\Component\\Console\\Input\\ArgvInput), Object(Symfony\\Component\\Console\\Output\\ConsoleOutput))
#7 D:\\wamp64\\www\\ashokleyland\\non_elitesupport\\vendor\\symfony\\console\\Application.php(314): Symfony\\Component\\Console\\Application->doRunCommand(Object(Illuminate\\Foundation\\Console\\RouteListCommand), Object(Symfony\\Component\\Console\\Input\\ArgvInput), Object(Symfony\\Component\\Console\\Output\\ConsoleOutput))
#8 D:\\wamp64\\www\\ashokleyland\\non_elitesupport\\vendor\\symfony\\console\\Application.php(168): Symfony\\Component\\Console\\Application->doRun(Object(Symfony\\Component\\Console\\Input\\ArgvInput), Object(Symfony\\Component\\Console\\Output\\ConsoleOutput))
#9 D:\\wamp64\\www\\ashokleyland\\non_elitesupport\\vendor\\laravel\\framework\\src\\Illuminate\\Console\\Application.php(102): Symfony\\Component\\Console\\Application->run(Object(Symfony\\Component\\Console\\Input\\ArgvInput), Object(Symfony\\Component\\Console\\Output\\ConsoleOutput))
#10 D:\\wamp64\\www\\ashokleyland\\non_elitesupport\\vendor\\laravel\\framework\\src\\Illuminate\\Foundation\\Console\\Kernel.php(155): Illuminate\\Console\\Application->run(Object(Symfony\\Component\\Console\\Input\\ArgvInput), Object(Symfony\\Component\\Console\\Output\\ConsoleOutput))
#11 D:\\wamp64\\www\\ashokleyland\\non_elitesupport\\artisan(37): Illuminate\\Foundation\\Console\\Kernel->handle(Object(Symfony\\Component\\Console\\Input\\ArgvInput), Object(Symfony\\Component\\Console\\Output\\ConsoleOutput))
#12 {main}
"} 
[2023-12-06 09:38:10] local.ERROR: The "--columns" option does not exist. {"exception":"[object] (Symfony\\Component\\Console\\Exception\\RuntimeException(code: 0): The \"--columns\" option does not exist. at D:\\wamp64\\www\\ashokleyland\\non_elitesupport\\vendor\\symfony\\console\\Input\\ArgvInput.php:217)
[stacktrace]
#0 D:\\wamp64\\www\\ashokleyland\\non_elitesupport\\vendor\\symfony\\console\\Input\\ArgvInput.php(144): Symfony\\Component\\Console\\Input\\ArgvInput->addLongOption('columns', 'uri,name,action...')
#1 D:\\wamp64\\www\\ashokleyland\\non_elitesupport\\vendor\\symfony\\console\\Input\\ArgvInput.php(79): Symfony\\Component\\Console\\Input\\ArgvInput->parseLongOption('--columns=uri,n...')
#2 D:\\wamp64\\www\\ashokleyland\\non_elitesupport\\vendor\\symfony\\console\\Input\\ArgvInput.php(68): Symfony\\Component\\Console\\Input\\ArgvInput->parseToken('--columns=uri,n...', true)
#3 D:\\wamp64\\www\\ashokleyland\\non_elitesupport\\vendor\\symfony\\console\\Input\\Input.php(52): Symfony\\Component\\Console\\Input\\ArgvInput->parse()
#4 D:\\wamp64\\www\\ashokleyland\\non_elitesupport\\vendor\\symfony\\console\\Command\\Command.php(271): Symfony\\Component\\Console\\Input\\Input->bind(Object(Symfony\\Component\\Console\\Input\\InputDefinition))
#5 D:\\wamp64\\www\\ashokleyland\\non_elitesupport\\vendor\\laravel\\framework\\src\\Illuminate\\Console\\Command.php(164): Symfony\\Component\\Console\\Command\\Command->run(Object(Symfony\\Component\\Console\\Input\\ArgvInput), Object(Illuminate\\Console\\OutputStyle))
#6 D:\\wamp64\\www\\ashokleyland\\non_elitesupport\\vendor\\symfony\\console\\Application.php(1022): Illuminate\\Console\\Command->run(Object(Symfony\\Component\\Console\\Input\\ArgvInput), Object(Symfony\\Component\\Console\\Output\\ConsoleOutput))
#7 D:\\wamp64\\www\\ashokleyland\\non_elitesupport\\vendor\\symfony\\console\\Application.php(314): Symfony\\Component\\Console\\Application->doRunCommand(Object(Illuminate\\Foundation\\Console\\RouteListCommand), Object(Symfony\\Component\\Console\\Input\\ArgvInput), Object(Symfony\\Component\\Console\\Output\\ConsoleOutput))
#8 D:\\wamp64\\www\\ashokleyland\\non_elitesupport\\vendor\\symfony\\console\\Application.php(168): Symfony\\Component\\Console\\Application->doRun(Object(Symfony\\Component\\Console\\Input\\ArgvInput), Object(Symfony\\Component\\Console\\Output\\ConsoleOutput))
#9 D:\\wamp64\\www\\ashokleyland\\non_elitesupport\\vendor\\laravel\\framework\\src\\Illuminate\\Console\\Application.php(102): Symfony\\Component\\Console\\Application->run(Object(Symfony\\Component\\Console\\Input\\ArgvInput), Object(Symfony\\Component\\Console\\Output\\ConsoleOutput))
#10 D:\\wamp64\\www\\ashokleyland\\non_elitesupport\\vendor\\laravel\\framework\\src\\Illuminate\\Foundation\\Console\\Kernel.php(155): Illuminate\\Console\\Application->run(Object(Symfony\\Component\\Console\\Input\\ArgvInput), Object(Symfony\\Component\\Console\\Output\\ConsoleOutput))
#11 D:\\wamp64\\www\\ashokleyland\\non_elitesupport\\artisan(37): Illuminate\\Foundation\\Console\\Kernel->handle(Object(Symfony\\Component\\Console\\Input\\ArgvInput), Object(Symfony\\Component\\Console\\Output\\ConsoleOutput))
#12 {main}
"} 
[2023-12-06 12:31:52] local.ERROR: Cannot instantiate interface from {"exception":"[object] (Error(code: 0): Cannot instantiate interface from at D:\\wamp64\\www\\ashokleyland\\non_elitesupport\\vendor\\laravel\\framework\\src\\Illuminate\\Routing\\AbstractRouteCollection.php:44)
[stacktrace]
#0 D:\\wamp64\\www\\ashokleyland\\non_elitesupport\\vendor\\laravel\\framework\\src\\Illuminate\\Routing\\RouteCollection.php(162): Illuminate\\Routing\\AbstractRouteCollection->handleMatchedRoute(Object(Illuminate\\Http\\Request), NULL)
#1 D:\\wamp64\\www\\ashokleyland\\non_elitesupport\\vendor\\laravel\\framework\\src\\Illuminate\\Routing\\Router.php(753): Illuminate\\Routing\\RouteCollection->match(Object(Illuminate\\Http\\Request))
#2 D:\\wamp64\\www\\ashokleyland\\non_elitesupport\\vendor\\laravel\\framework\\src\\Illuminate\\Routing\\Router.php(740): Illuminate\\Routing\\Router->findRoute(Object(Illuminate\\Http\\Request))
#3 D:\\wamp64\\www\\ashokleyland\\non_elitesupport\\vendor\\laravel\\framework\\src\\Illuminate\\Routing\\Router.php(729): Illuminate\\Routing\\Router->dispatchToRoute(Object(Illuminate\\Http\\Request))
#4 D:\\wamp64\\www\\ashokleyland\\non_elitesupport\\vendor\\laravel\\framework\\src\\Illuminate\\Foundation\\Http\\Kernel.php(200): Illuminate\\Routing\\Router->dispatch(Object(Illuminate\\Http\\Request))
#5 D:\\wamp64\\www\\ashokleyland\\non_elitesupport\\vendor\\laravel\\framework\\src\\Illuminate\\Pipeline\\Pipeline.php(141): Illuminate\\Foundation\\Http\\Kernel->Illuminate\\Foundation\\Http\\{closure}(Object(Illuminate\\Http\\Request))
#6 D:\\wamp64\\www\\ashokleyland\\non_elitesupport\\vendor\\livewire\\livewire\\src\\DisableBrowserCache.php(19): Illuminate\\Pipeline\\Pipeline->Illuminate\\Pipeline\\{closure}(Object(Illuminate\\Http\\Request))
#7 D:\\wamp64\\www\\ashokleyland\\non_elitesupport\\vendor\\laravel\\framework\\src\\Illuminate\\Pipeline\\Pipeline.php(180): Livewire\\DisableBrowserCache->handle(Object(Illuminate\\Http\\Request), Object(Closure))
#8 D:\\wamp64\\www\\ashokleyland\\non_elitesupport\\vendor\\laravel\\framework\\src\\Illuminate\\Foundation\\Http\\Middleware\\TransformsRequest.php(21): Illuminate\\Pipeline\\Pipeline->Illuminate\\Pipeline\\{closure}(Object(Illuminate\\Http\\Request))
#9 D:\\wamp64\\www\\ashokleyland\\non_elitesupport\\vendor\\laravel\\framework\\src\\Illuminate\\Foundation\\Http\\Middleware\\ConvertEmptyStringsToNull.php(31): Illuminate\\Foundation\\Http\\Middleware\\TransformsRequest->handle(Object(Illuminate\\Http\\Request), Object(Closure))
#10 D:\\wamp64\\www\\ashokleyland\\non_elitesupport\\vendor\\laravel\\framework\\src\\Illuminate\\Pipeline\\Pipeline.php(180): Illuminate\\Foundation\\Http\\Middleware\\ConvertEmptyStringsToNull->handle(Object(Illuminate\\Http\\Request), Object(Closure))
#11 D:\\wamp64\\www\\ashokleyland\\non_elitesupport\\vendor\\laravel\\framework\\src\\Illuminate\\Foundation\\Http\\Middleware\\TransformsRequest.php(21): Illuminate\\Pipeline\\Pipeline->Illuminate\\Pipeline\\{closure}(Object(Illuminate\\Http\\Request))
#12 D:\\wamp64\\www\\ashokleyland\\non_elitesupport\\vendor\\laravel\\framework\\src\\Illuminate\\Foundation\\Http\\Middleware\\TrimStrings.php(40): Illuminate\\Foundation\\Http\\Middleware\\TransformsRequest->handle(Object(Illuminate\\Http\\Request), Object(Closure))
#13 D:\\wamp64\\www\\ashokleyland\\non_elitesupport\\vendor\\laravel\\framework\\src\\Illuminate\\Pipeline\\Pipeline.php(180): Illuminate\\Foundation\\Http\\Middleware\\TrimStrings->handle(Object(Illuminate\\Http\\Request), Object(Closure))
#14 D:\\wamp64\\www\\ashokleyland\\non_elitesupport\\vendor\\laravel\\framework\\src\\Illuminate\\Foundation\\Http\\Middleware\\ValidatePostSize.php(27): Illuminate\\Pipeline\\Pipeline->Illuminate\\Pipeline\\{closure}(Object(Illuminate\\Http\\Request))
#15 D:\\wamp64\\www\\ashokleyland\\non_elitesupport\\vendor\\laravel\\framework\\src\\Illuminate\\Pipeline\\Pipeline.php(180): Illuminate\\Foundation\\Http\\Middleware\\ValidatePostSize->handle(Object(Illuminate\\Http\\Request), Object(Closure))
#16 D:\\wamp64\\www\\ashokleyland\\non_elitesupport\\vendor\\laravel\\framework\\src\\Illuminate\\Foundation\\Http\\Middleware\\PreventRequestsDuringMaintenance.php(86): Illuminate\\Pipeline\\Pipeline->Illuminate\\Pipeline\\{closure}(Object(Illuminate\\Http\\Request))
#17 D:\\wamp64\\www\\ashokleyland\\non_elitesupport\\vendor\\laravel\\framework\\src\\Illuminate\\Pipeline\\Pipeline.php(180): Illuminate\\Foundation\\Http\\Middleware\\PreventRequestsDuringMaintenance->handle(Object(Illuminate\\Http\\Request), Object(Closure))
#18 D:\\wamp64\\www\\ashokleyland\\non_elitesupport\\vendor\\laravel\\framework\\src\\Illuminate\\Http\\Middleware\\HandleCors.php(49): Illuminate\\Pipeline\\Pipeline->Illuminate\\Pipeline\\{closure}(Object(Illuminate\\Http\\Request))
#19 D:\\wamp64\\www\\ashokleyland\\non_elitesupport\\vendor\\laravel\\framework\\src\\Illuminate\\Pipeline\\Pipeline.php(180): Illuminate\\Http\\Middleware\\HandleCors->handle(Object(Illuminate\\Http\\Request), Object(Closure))
#20 D:\\wamp64\\www\\ashokleyland\\non_elitesupport\\vendor\\laravel\\framework\\src\\Illuminate\\Http\\Middleware\\TrustProxies.php(39): Illuminate\\Pipeline\\Pipeline->Illuminate\\Pipeline\\{closure}(Object(Illuminate\\Http\\Request))
#21 D:\\wamp64\\www\\ashokleyland\\non_elitesupport\\vendor\\laravel\\framework\\src\\Illuminate\\Pipeline\\Pipeline.php(180): Illuminate\\Http\\Middleware\\TrustProxies->handle(Object(Illuminate\\Http\\Request), Object(Closure))
#22 D:\\wamp64\\www\\ashokleyland\\non_elitesupport\\vendor\\laravel\\framework\\src\\Illuminate\\Pipeline\\Pipeline.php(116): Illuminate\\Pipeline\\Pipeline->Illuminate\\Pipeline\\{closure}(Object(Illuminate\\Http\\Request))
#23 D:\\wamp64\\www\\ashokleyland\\non_elitesupport\\vendor\\laravel\\framework\\src\\Illuminate\\Foundation\\Http\\Kernel.php(175): Illuminate\\Pipeline\\Pipeline->then(Object(Closure))
#24 D:\\wamp64\\www\\ashokleyland\\non_elitesupport\\vendor\\laravel\\framework\\src\\Illuminate\\Foundation\\Http\\Kernel.php(144): Illuminate\\Foundation\\Http\\Kernel->sendRequestThroughRouter(Object(Illuminate\\Http\\Request))
#25 D:\\wamp64\\www\\ashokleyland\\non_elitesupport\\public\\index.php(51): Illuminate\\Foundation\\Http\\Kernel->handle(Object(Illuminate\\Http\\Request))
#26 {main}
"} 
[2023-12-06 14:44:41] local.ERROR: The "--columns" option does not exist. {"exception":"[object] (Symfony\\Component\\Console\\Exception\\RuntimeException(code: 0): The \"--columns\" option does not exist. at D:\\wamp64\\www\\ashokleyland\\non_elitesupport\\vendor\\symfony\\console\\Input\\ArgvInput.php:217)
[stacktrace]
#0 D:\\wamp64\\www\\ashokleyland\\non_elitesupport\\vendor\\symfony\\console\\Input\\ArgvInput.php(144): Symfony\\Component\\Console\\Input\\ArgvInput->addLongOption('columns', 'uri,name,action...')
#1 D:\\wamp64\\www\\ashokleyland\\non_elitesupport\\vendor\\symfony\\console\\Input\\ArgvInput.php(79): Symfony\\Component\\Console\\Input\\ArgvInput->parseLongOption('--columns=uri,n...')
#2 D:\\wamp64\\www\\ashokleyland\\non_elitesupport\\vendor\\symfony\\console\\Input\\ArgvInput.php(68): Symfony\\Component\\Console\\Input\\ArgvInput->parseToken('--columns=uri,n...', true)
#3 D:\\wamp64\\www\\ashokleyland\\non_elitesupport\\vendor\\symfony\\console\\Input\\Input.php(52): Symfony\\Component\\Console\\Input\\ArgvInput->parse()
#4 D:\\wamp64\\www\\ashokleyland\\non_elitesupport\\vendor\\symfony\\console\\Command\\Command.php(271): Symfony\\Component\\Console\\Input\\Input->bind(Object(Symfony\\Component\\Console\\Input\\InputDefinition))
#5 D:\\wamp64\\www\\ashokleyland\\non_elitesupport\\vendor\\laravel\\framework\\src\\Illuminate\\Console\\Command.php(164): Symfony\\Component\\Console\\Command\\Command->run(Object(Symfony\\Component\\Console\\Input\\ArgvInput), Object(Illuminate\\Console\\OutputStyle))
#6 D:\\wamp64\\www\\ashokleyland\\non_elitesupport\\vendor\\symfony\\console\\Application.php(1022): Illuminate\\Console\\Command->run(Object(Symfony\\Component\\Console\\Input\\ArgvInput), Object(Symfony\\Component\\Console\\Output\\ConsoleOutput))
#7 D:\\wamp64\\www\\ashokleyland\\non_elitesupport\\vendor\\symfony\\console\\Application.php(314): Symfony\\Component\\Console\\Application->doRunCommand(Object(Illuminate\\Foundation\\Console\\RouteListCommand), Object(Symfony\\Component\\Console\\Input\\ArgvInput), Object(Symfony\\Component\\Console\\Output\\ConsoleOutput))
#8 D:\\wamp64\\www\\ashokleyland\\non_elitesupport\\vendor\\symfony\\console\\Application.php(168): Symfony\\Component\\Console\\Application->doRun(Object(Symfony\\Component\\Console\\Input\\ArgvInput), Object(Symfony\\Component\\Console\\Output\\ConsoleOutput))
#9 D:\\wamp64\\www\\ashokleyland\\non_elitesupport\\vendor\\laravel\\framework\\src\\Illuminate\\Console\\Application.php(102): Symfony\\Component\\Console\\Application->run(Object(Symfony\\Component\\Console\\Input\\ArgvInput), Object(Symfony\\Component\\Console\\Output\\ConsoleOutput))
#10 D:\\wamp64\\www\\ashokleyland\\non_elitesupport\\vendor\\laravel\\framework\\src\\Illuminate\\Foundation\\Console\\Kernel.php(155): Illuminate\\Console\\Application->run(Object(Symfony\\Component\\Console\\Input\\ArgvInput), Object(Symfony\\Component\\Console\\Output\\ConsoleOutput))
#11 D:\\wamp64\\www\\ashokleyland\\non_elitesupport\\artisan(37): Illuminate\\Foundation\\Console\\Kernel->handle(Object(Symfony\\Component\\Console\\Input\\ArgvInput), Object(Symfony\\Component\\Console\\Output\\ConsoleOutput))
#12 {main}
"} 
[2023-12-06 14:44:45] local.ERROR: The "--columns" option does not exist. {"exception":"[object] (Symfony\\Component\\Console\\Exception\\RuntimeException(code: 0): The \"--columns\" option does not exist. at D:\\wamp64\\www\\ashokleyland\\non_elitesupport\\vendor\\symfony\\console\\Input\\ArgvInput.php:217)
[stacktrace]
#0 D:\\wamp64\\www\\ashokleyland\\non_elitesupport\\vendor\\symfony\\console\\Input\\ArgvInput.php(144): Symfony\\Component\\Console\\Input\\ArgvInput->addLongOption('columns', 'uri,name,action...')
#1 D:\\wamp64\\www\\ashokleyland\\non_elitesupport\\vendor\\symfony\\console\\Input\\ArgvInput.php(79): Symfony\\Component\\Console\\Input\\ArgvInput->parseLongOption('--columns=uri,n...')
#2 D:\\wamp64\\www\\ashokleyland\\non_elitesupport\\vendor\\symfony\\console\\Input\\ArgvInput.php(68): Symfony\\Component\\Console\\Input\\ArgvInput->parseToken('--columns=uri,n...', true)
#3 D:\\wamp64\\www\\ashokleyland\\non_elitesupport\\vendor\\symfony\\console\\Input\\Input.php(52): Symfony\\Component\\Console\\Input\\ArgvInput->parse()
#4 D:\\wamp64\\www\\ashokleyland\\non_elitesupport\\vendor\\symfony\\console\\Command\\Command.php(271): Symfony\\Component\\Console\\Input\\Input->bind(Object(Symfony\\Component\\Console\\Input\\InputDefinition))
#5 D:\\wamp64\\www\\ashokleyland\\non_elitesupport\\vendor\\laravel\\framework\\src\\Illuminate\\Console\\Command.php(164): Symfony\\Component\\Console\\Command\\Command->run(Object(Symfony\\Component\\Console\\Input\\ArgvInput), Object(Illuminate\\Console\\OutputStyle))
#6 D:\\wamp64\\www\\ashokleyland\\non_elitesupport\\vendor\\symfony\\console\\Application.php(1022): Illuminate\\Console\\Command->run(Object(Symfony\\Component\\Console\\Input\\ArgvInput), Object(Symfony\\Component\\Console\\Output\\ConsoleOutput))
#7 D:\\wamp64\\www\\ashokleyland\\non_elitesupport\\vendor\\symfony\\console\\Application.php(314): Symfony\\Component\\Console\\Application->doRunCommand(Object(Illuminate\\Foundation\\Console\\RouteListCommand), Object(Symfony\\Component\\Console\\Input\\ArgvInput), Object(Symfony\\Component\\Console\\Output\\ConsoleOutput))
#8 D:\\wamp64\\www\\ashokleyland\\non_elitesupport\\vendor\\symfony\\console\\Application.php(168): Symfony\\Component\\Console\\Application->doRun(Object(Symfony\\Component\\Console\\Input\\ArgvInput), Object(Symfony\\Component\\Console\\Output\\ConsoleOutput))
#9 D:\\wamp64\\www\\ashokleyland\\non_elitesupport\\vendor\\laravel\\framework\\src\\Illuminate\\Console\\Application.php(102): Symfony\\Component\\Console\\Application->run(Object(Symfony\\Component\\Console\\Input\\ArgvInput), Object(Symfony\\Component\\Console\\Output\\ConsoleOutput))
#10 D:\\wamp64\\www\\ashokleyland\\non_elitesupport\\vendor\\laravel\\framework\\src\\Illuminate\\Foundation\\Console\\Kernel.php(155): Illuminate\\Console\\Application->run(Object(Symfony\\Component\\Console\\Input\\ArgvInput), Object(Symfony\\Component\\Console\\Output\\ConsoleOutput))
#11 D:\\wamp64\\www\\ashokleyland\\non_elitesupport\\artisan(37): Illuminate\\Foundation\\Console\\Kernel->handle(Object(Symfony\\Component\\Console\\Input\\ArgvInput), Object(Symfony\\Component\\Console\\Output\\ConsoleOutput))
#12 {main}
"} 
[2023-12-06 14:44:48] local.ERROR: The "--columns" option does not exist. {"exception":"[object] (Symfony\\Component\\Console\\Exception\\RuntimeException(code: 0): The \"--columns\" option does not exist. at D:\\wamp64\\www\\ashokleyland\\non_elitesupport\\vendor\\symfony\\console\\Input\\ArgvInput.php:217)
[stacktrace]
#0 D:\\wamp64\\www\\ashokleyland\\non_elitesupport\\vendor\\symfony\\console\\Input\\ArgvInput.php(144): Symfony\\Component\\Console\\Input\\ArgvInput->addLongOption('columns', 'uri,name,action...')
#1 D:\\wamp64\\www\\ashokleyland\\non_elitesupport\\vendor\\symfony\\console\\Input\\ArgvInput.php(79): Symfony\\Component\\Console\\Input\\ArgvInput->parseLongOption('--columns=uri,n...')
#2 D:\\wamp64\\www\\ashokleyland\\non_elitesupport\\vendor\\symfony\\console\\Input\\ArgvInput.php(68): Symfony\\Component\\Console\\Input\\ArgvInput->parseToken('--columns=uri,n...', true)
#3 D:\\wamp64\\www\\ashokleyland\\non_elitesupport\\vendor\\symfony\\console\\Input\\Input.php(52): Symfony\\Component\\Console\\Input\\ArgvInput->parse()
#4 D:\\wamp64\\www\\ashokleyland\\non_elitesupport\\vendor\\symfony\\console\\Command\\Command.php(271): Symfony\\Component\\Console\\Input\\Input->bind(Object(Symfony\\Component\\Console\\Input\\InputDefinition))
#5 D:\\wamp64\\www\\ashokleyland\\non_elitesupport\\vendor\\laravel\\framework\\src\\Illuminate\\Console\\Command.php(164): Symfony\\Component\\Console\\Command\\Command->run(Object(Symfony\\Component\\Console\\Input\\ArgvInput), Object(Illuminate\\Console\\OutputStyle))
#6 D:\\wamp64\\www\\ashokleyland\\non_elitesupport\\vendor\\symfony\\console\\Application.php(1022): Illuminate\\Console\\Command->run(Object(Symfony\\Component\\Console\\Input\\ArgvInput), Object(Symfony\\Component\\Console\\Output\\ConsoleOutput))
#7 D:\\wamp64\\www\\ashokleyland\\non_elitesupport\\vendor\\symfony\\console\\Application.php(314): Symfony\\Component\\Console\\Application->doRunCommand(Object(Illuminate\\Foundation\\Console\\RouteListCommand), Object(Symfony\\Component\\Console\\Input\\ArgvInput), Object(Symfony\\Component\\Console\\Output\\ConsoleOutput))
#8 D:\\wamp64\\www\\ashokleyland\\non_elitesupport\\vendor\\symfony\\console\\Application.php(168): Symfony\\Component\\Console\\Application->doRun(Object(Symfony\\Component\\Console\\Input\\ArgvInput), Object(Symfony\\Component\\Console\\Output\\ConsoleOutput))
#9 D:\\wamp64\\www\\ashokleyland\\non_elitesupport\\vendor\\laravel\\framework\\src\\Illuminate\\Console\\Application.php(102): Symfony\\Component\\Console\\Application->run(Object(Symfony\\Component\\Console\\Input\\ArgvInput), Object(Symfony\\Component\\Console\\Output\\ConsoleOutput))
#10 D:\\wamp64\\www\\ashokleyland\\non_elitesupport\\vendor\\laravel\\framework\\src\\Illuminate\\Foundation\\Console\\Kernel.php(155): Illuminate\\Console\\Application->run(Object(Symfony\\Component\\Console\\Input\\ArgvInput), Object(Symfony\\Component\\Console\\Output\\ConsoleOutput))
#11 D:\\wamp64\\www\\ashokleyland\\non_elitesupport\\artisan(37): Illuminate\\Foundation\\Console\\Kernel->handle(Object(Symfony\\Component\\Console\\Input\\ArgvInput), Object(Symfony\\Component\\Console\\Output\\ConsoleOutput))
#12 {main}
"} 
